0 info it worked if it ends with ok
1 verbose cli [ '/Users/theosyslack/.nvm/versions/node/v4.1.2/bin/node',
1 verbose cli   '/Users/theosyslack/.nvm/versions/node/v4.1.2/bin/npm',
1 verbose cli   'i',
1 verbose cli   'canvas' ]
2 info using npm@2.14.4
3 info using node@v4.1.2
4 verbose install initial load of /Users/theosyslack/Sites/ebook/kindlegen/package.json
5 warn package.json gulp-kindlegen@0.0.1 No repository field.
6 warn package.json gulp-kindlegen@0.0.1 No README data
7 verbose installManyTop reading scoped package data from /Users/theosyslack/Sites/ebook/kindlegen/node_modules/fs/package.json
8 verbose installManyTop reading scoped package data from /Users/theosyslack/Sites/ebook/kindlegen/node_modules/gulp-debug/package.json
9 verbose installManyTop reading scoped package data from /Users/theosyslack/Sites/ebook/kindlegen/node_modules/gulp-util/package.json
10 verbose installManyTop reading scoped package data from /Users/theosyslack/Sites/ebook/kindlegen/node_modules/lodash/package.json
11 verbose installManyTop reading scoped package data from /Users/theosyslack/Sites/ebook/kindlegen/node_modules/path/package.json
12 verbose installManyTop reading scoped package data from /Users/theosyslack/Sites/ebook/kindlegen/node_modules/stream/package.json
13 verbose installManyTop reading scoped package data from /Users/theosyslack/Sites/ebook/kindlegen/node_modules/through2/package.json
14 info package.json fs@0.0.2 fs is also the name of a node core module.
15 info package.json fs@0.0.2 No description
16 info package.json fs@0.0.2 No repository field.
17 info package.json path@0.12.7 path is also the name of a node core module.
18 info package.json stream@0.0.2 stream is also the name of a node core module.
19 verbose readDependencies loading dependencies from /Users/theosyslack/Sites/ebook/kindlegen/package.json
20 silly cache add args [ 'canvas', null ]
21 verbose cache add spec canvas
22 silly cache add parsed spec Result {
22 silly cache add   raw: 'canvas',
22 silly cache add   scope: null,
22 silly cache add   name: 'canvas',
22 silly cache add   rawSpec: '',
22 silly cache add   spec: '*',
22 silly cache add   type: 'range' }
23 silly addNamed canvas@*
24 verbose addNamed "*" is a valid semver range for canvas
25 silly addNameRange { name: 'canvas', range: '*', hasData: false }
26 silly mapToRegistry name canvas
27 silly mapToRegistry using default registry
28 silly mapToRegistry registry https://registry.npmjs.org/
29 silly mapToRegistry uri https://registry.npmjs.org/canvas
30 verbose addNameRange registry:https://registry.npmjs.org/canvas not in flight; fetching
31 verbose get https://registry.npmjs.org/canvas not expired, no request
32 silly addNameRange number 2 { name: 'canvas', range: '*', hasData: true }
33 silly addNameRange versions [ 'canvas',
33 silly addNameRange   [ '0.0.1',
33 silly addNameRange     '0.0.2',
33 silly addNameRange     '0.0.3',
33 silly addNameRange     '0.0.4',
33 silly addNameRange     '0.0.5',
33 silly addNameRange     '0.0.6',
33 silly addNameRange     '0.0.7',
33 silly addNameRange     '0.0.8',
33 silly addNameRange     '0.1.0',
33 silly addNameRange     '0.2.0',
33 silly addNameRange     '0.2.1',
33 silly addNameRange     '0.3.0',
33 silly addNameRange     '0.3.1',
33 silly addNameRange     '0.3.2',
33 silly addNameRange     '0.3.3',
33 silly addNameRange     '0.4.0',
33 silly addNameRange     '0.4.1',
33 silly addNameRange     '0.4.2',
33 silly addNameRange     '0.4.3',
33 silly addNameRange     '0.5.0',
33 silly addNameRange     '0.5.1',
33 silly addNameRange     '0.5.2',
33 silly addNameRange     '0.5.3',
33 silly addNameRange     '0.5.4',
33 silly addNameRange     '0.6.0',
33 silly addNameRange     '0.7.0',
33 silly addNameRange     '0.7.1',
33 silly addNameRange     '0.7.2',
33 silly addNameRange     '0.7.3',
33 silly addNameRange     '0.8.0',
33 silly addNameRange     '0.8.1',
33 silly addNameRange     '0.8.2',
33 silly addNameRange     '0.8.3',
33 silly addNameRange     '0.9.0',
33 silly addNameRange     '0.10.0',
33 silly addNameRange     '0.10.1',
33 silly addNameRange     '0.10.2',
33 silly addNameRange     '0.10.3',
33 silly addNameRange     '0.11.0',
33 silly addNameRange     '0.11.1',
33 silly addNameRange     '0.11.2',
33 silly addNameRange     '0.11.3',
33 silly addNameRange     '0.12.0',
33 silly addNameRange     '0.12.1',
33 silly addNameRange     '0.13.0',
33 silly addNameRange     '0.13.1',
33 silly addNameRange     '1.0.0',
33 silly addNameRange     '1.0.1',
33 silly addNameRange     '1.0.2',
33 silly addNameRange     '1.0.3',
33 silly addNameRange     '1.0.4',
33 silly addNameRange     '1.1.0',
33 silly addNameRange     '1.1.1',
33 silly addNameRange     '1.1.2',
33 silly addNameRange     '1.1.3',
33 silly addNameRange     '1.1.4',
33 silly addNameRange     '1.1.5',
33 silly addNameRange     '1.1.6',
33 silly addNameRange     '1.2.0',
33 silly addNameRange     '1.2.1',
33 silly addNameRange     '1.2.2',
33 silly addNameRange     '1.2.3',
33 silly addNameRange     '1.2.4',
33 silly addNameRange     '1.2.5',
33 silly addNameRange     '1.2.6',
33 silly addNameRange     '1.2.7',
33 silly addNameRange     '1.2.8',
33 silly addNameRange     '1.2.9',
33 silly addNameRange     '1.2.10',
33 silly addNameRange     '1.2.11',
33 silly addNameRange     '1.3.0',
33 silly addNameRange     '1.3.1' ] ]
34 silly addNamed canvas@1.3.1
35 verbose addNamed "1.3.1" is a plain semver version for canvas
36 silly cache afterAdd canvas@1.3.1
37 verbose afterAdd /Users/theosyslack/.npm/canvas/1.3.1/package/package.json not in flight; writing
38 verbose afterAdd /Users/theosyslack/.npm/canvas/1.3.1/package/package.json written
39 silly install resolved [ { name: 'canvas',
39 silly install resolved     description: 'Canvas graphics API backed by Cairo',
39 silly install resolved     version: '1.3.1',
39 silly install resolved     author: { name: 'TJ Holowaychuk', email: 'tj@learnboost.com' },
39 silly install resolved     contributors: [ [Object], [Object], [Object] ],
39 silly install resolved     keywords:
39 silly install resolved      [ 'canvas',
39 silly install resolved        'graphic',
39 silly install resolved        'graphics',
39 silly install resolved        'pixman',
39 silly install resolved        'cairo',
39 silly install resolved        'image',
39 silly install resolved        'images',
39 silly install resolved        'pdf' ],
39 silly install resolved     homepage: 'https://github.com/Automattic/node-canvas',
39 silly install resolved     repository:
39 silly install resolved      { type: 'git',
39 silly install resolved        url: 'git://github.com/Automattic/node-canvas.git' },
39 silly install resolved     scripts:
39 silly install resolved      { prebenchmark: 'node-gyp build',
39 silly install resolved        benchmark: 'node benchmarks/run.js',
39 silly install resolved        pretest: 'node-gyp build',
39 silly install resolved        test: 'mocha test/*.test.js',
39 silly install resolved        'pretest-server': 'node-gyp build',
39 silly install resolved        'test-server': 'node test/server.js',
39 silly install resolved        install: 'node-gyp rebuild' },
39 silly install resolved     dependencies: { nan: '^2.0.9' },
39 silly install resolved     devDependencies:
39 silly install resolved      { 'body-parser': '^1.13.3',
39 silly install resolved        express: '^4.13.2',
39 silly install resolved        jade: '^1.11.0',
39 silly install resolved        mocha: '*' },
39 silly install resolved     engines: { node: '>=0.8.0' },
39 silly install resolved     main: './lib/canvas.js',
39 silly install resolved     license: 'MIT',
39 silly install resolved     gypfile: true,
39 silly install resolved     gitHead: 'fabf6777a41c0eefae94f49dec89af3d0602a6fc',
39 silly install resolved     bugs: { url: 'https://github.com/Automattic/node-canvas/issues' },
39 silly install resolved     _id: 'canvas@1.3.1',
39 silly install resolved     _shasum: 'a1ff9534db9946a416408e59a920453e83ac2a94',
39 silly install resolved     _from: 'canvas@*',
39 silly install resolved     _npmVersion: '3.3.9',
39 silly install resolved     _nodeVersion: '5.0.0',
39 silly install resolved     _npmUser: { name: 'linusu', email: 'linus@folkdatorn.se' },
39 silly install resolved     dist:
39 silly install resolved      { shasum: 'a1ff9534db9946a416408e59a920453e83ac2a94',
39 silly install resolved        tarball: 'http://registry.npmjs.org/canvas/-/canvas-1.3.1.tgz' },
39 silly install resolved     maintainers: [ [Object], [Object], [Object], [Object], [Object], [Object] ],
39 silly install resolved     directories: {},
39 silly install resolved     _resolved: 'https://registry.npmjs.org/canvas/-/canvas-1.3.1.tgz',
39 silly install resolved     readme: 'ERROR: No README data found!' } ]
40 info install canvas@1.3.1 into /Users/theosyslack/Sites/ebook/kindlegen
41 info installOne canvas@1.3.1
42 verbose installOne of canvas to /Users/theosyslack/Sites/ebook/kindlegen not in flight; installing
43 verbose lock using /Users/theosyslack/.npm/_locks/canvas-13bcfa2f1fc201af.lock for /Users/theosyslack/Sites/ebook/kindlegen/node_modules/canvas
44 silly install write writing canvas 1.3.1 to /Users/theosyslack/Sites/ebook/kindlegen/node_modules/canvas
45 verbose unbuild node_modules/canvas
46 silly gentlyRm /Users/theosyslack/Sites/ebook/kindlegen/node_modules/canvas is being purged from base /Users/theosyslack/Sites/ebook/kindlegen
47 verbose gentlyRm don't care about contents; nuking /Users/theosyslack/Sites/ebook/kindlegen/node_modules/canvas
48 verbose tar unpack /Users/theosyslack/.npm/canvas/1.3.1/package.tgz
49 verbose tar unpacking to /Users/theosyslack/Sites/ebook/kindlegen/node_modules/canvas
50 silly gentlyRm /Users/theosyslack/Sites/ebook/kindlegen/node_modules/canvas is being purged
51 verbose gentlyRm don't care about contents; nuking /Users/theosyslack/Sites/ebook/kindlegen/node_modules/canvas
52 silly gunzTarPerm modes [ '755', '644' ]
53 silly gunzTarPerm extractEntry package.json
54 silly gunzTarPerm extractEntry .npmignore
55 silly gunzTarPerm extractEntry index.js
56 silly gunzTarPerm extractEntry History.md
57 silly gunzTarPerm extractEntry Readme.md
58 silly gunzTarPerm extractEntry binding.gyp
59 silly gunzTarPerm extractEntry .gitmodules
60 silly gunzTarPerm extractEntry install
61 silly gunzTarPerm extractEntry lib/bindings.js
62 silly gunzTarPerm extractEntry lib/canvas.js
63 silly gunzTarPerm extractEntry lib/context2d.js
64 silly gunzTarPerm extractEntry lib/image.js
65 silly gunzTarPerm extractEntry lib/jpegstream.js
66 silly gunzTarPerm extractEntry lib/pngstream.js
67 silly gunzTarPerm extractEntry .travis.yml
68 silly gunzTarPerm extractEntry src/Image.cc
69 silly gunzTarPerm extractEntry src/Canvas.cc
70 silly gunzTarPerm extractEntry src/CanvasGradient.cc
71 silly gunzTarPerm extractEntry src/CanvasGradient.h
72 silly gunzTarPerm extractEntry src/CanvasPattern.cc
73 silly gunzTarPerm extractEntry src/CanvasPattern.h
74 silly gunzTarPerm extractEntry src/CanvasRenderingContext2d.cc
75 silly gunzTarPerm extractEntry src/CanvasRenderingContext2d.h
76 silly gunzTarPerm extractEntry src/FontFace.cc
77 silly gunzTarPerm extractEntry src/FontFace.h
78 silly gunzTarPerm extractEntry src/Canvas.h
79 silly gunzTarPerm extractEntry src/Image.h
80 silly gunzTarPerm extractEntry src/ImageData.cc
81 silly gunzTarPerm extractEntry src/ImageData.h
82 silly gunzTarPerm extractEntry src/JPEGStream.h
83 silly gunzTarPerm extractEntry src/PNG.h
84 silly gunzTarPerm extractEntry src/Point.h
85 silly gunzTarPerm extractEntry src/closure.h
86 silly gunzTarPerm extractEntry src/color.cc
87 silly gunzTarPerm extractEntry src/color.h
88 silly gunzTarPerm extractEntry src/init.cc
89 silly gunzTarPerm extractEntry util/cairo_include.sh
90 silly gunzTarPerm extractEntry util/has_cairo_freetype.sh
91 silly gunzTarPerm extractEntry util/has_lib.sh
92 silly gunzTarPerm extractEntry util/lib_lookup.sh
93 verbose write writing to /Users/theosyslack/Sites/ebook/kindlegen/node_modules/canvas/package.json
94 info preinstall canvas@1.3.1
95 verbose readDependencies loading dependencies from /Users/theosyslack/Sites/ebook/kindlegen/node_modules/canvas/package.json
96 silly prepareForInstallMany adding nan@^2.0.9 from canvas dependencies
97 verbose readDependencies loading dependencies from /Users/theosyslack/Sites/ebook/kindlegen/node_modules/canvas/package.json
98 silly cache add args [ 'nan@^2.0.9', null ]
99 verbose cache add spec nan@^2.0.9
100 silly cache add parsed spec Result {
100 silly cache add   raw: 'nan@^2.0.9',
100 silly cache add   scope: null,
100 silly cache add   name: 'nan',
100 silly cache add   rawSpec: '^2.0.9',
100 silly cache add   spec: '>=2.0.9 <3.0.0',
100 silly cache add   type: 'range' }
101 silly addNamed nan@>=2.0.9 <3.0.0
102 verbose addNamed ">=2.0.9 <3.0.0" is a valid semver range for nan
103 silly addNameRange { name: 'nan', range: '>=2.0.9 <3.0.0', hasData: false }
104 silly mapToRegistry name nan
105 silly mapToRegistry using default registry
106 silly mapToRegistry registry https://registry.npmjs.org/
107 silly mapToRegistry uri https://registry.npmjs.org/nan
108 verbose addNameRange registry:https://registry.npmjs.org/nan not in flight; fetching
109 verbose request uri https://registry.npmjs.org/nan
110 verbose request no auth needed
111 info attempt registry request try #1 at 2:08:20 PM
112 verbose request id 0f88be2c4c8d6bdc
113 verbose etag "5E01JR4VXRYFNTLPNNJ0N9QD8"
114 http request GET https://registry.npmjs.org/nan
115 http 304 https://registry.npmjs.org/nan
116 silly get cb [ 304,
116 silly get   { date: 'Sun, 15 Nov 2015 20:08:20 GMT',
116 silly get     via: '1.1 varnish',
116 silly get     'cache-control': 'max-age=60',
116 silly get     etag: '"5E01JR4VXRYFNTLPNNJ0N9QD8"',
116 silly get     age: '16',
116 silly get     connection: 'keep-alive',
116 silly get     'x-served-by': 'cache-jfk1031-JFK',
116 silly get     'x-cache': 'HIT',
116 silly get     'x-cache-hits': '1',
116 silly get     'x-timer': 'S1447618100.804686,VS0,VE1',
116 silly get     vary: 'Accept' } ]
117 verbose etag https://registry.npmjs.org/nan from cache
118 verbose get saving nan to /Users/theosyslack/.npm/registry.npmjs.org/nan/.cache.json
119 silly addNameRange number 2 { name: 'nan', range: '>=2.0.9 <3.0.0', hasData: true }
120 silly addNameRange versions [ 'nan',
120 silly addNameRange   [ '0.3.0-wip',
120 silly addNameRange     '0.3.0-wip2',
120 silly addNameRange     '0.3.0',
120 silly addNameRange     '0.3.1',
120 silly addNameRange     '0.3.2',
120 silly addNameRange     '0.4.0',
120 silly addNameRange     '0.4.1',
120 silly addNameRange     '0.4.2',
120 silly addNameRange     '0.4.3',
120 silly addNameRange     '0.4.4',
120 silly addNameRange     '0.5.0',
120 silly addNameRange     '0.5.1',
120 silly addNameRange     '0.5.2',
120 silly addNameRange     '0.6.0',
120 silly addNameRange     '0.7.0',
120 silly addNameRange     '0.7.1',
120 silly addNameRange     '0.8.0',
120 silly addNameRange     '1.0.0',
120 silly addNameRange     '1.1.0',
120 silly addNameRange     '1.1.1',
120 silly addNameRange     '1.1.2',
120 silly addNameRange     '1.2.0',
120 silly addNameRange     '1.3.0',
120 silly addNameRange     '1.4.0',
120 silly addNameRange     '1.4.1',
120 silly addNameRange     '1.5.0',
120 silly addNameRange     '1.4.2',
120 silly addNameRange     '1.4.3',
120 silly addNameRange     '1.5.1',
120 silly addNameRange     '1.5.2',
120 silly addNameRange     '1.6.0',
120 silly addNameRange     '1.5.3',
120 silly addNameRange     '1.6.1',
120 silly addNameRange     '1.6.2',
120 silly addNameRange     '1.7.0',
120 silly addNameRange     '1.8.0',
120 silly addNameRange     '1.8.1',
120 silly addNameRange     '1.8.2',
120 silly addNameRange     '1.8.3',
120 silly addNameRange     '1.8.4',
120 silly addNameRange     '1.9.0',
120 silly addNameRange     '2.0.0',
120 silly addNameRange     '2.0.1',
120 silly addNameRange     '2.0.2',
120 silly addNameRange     '2.0.3',
120 silly addNameRange     '2.0.4',
120 silly addNameRange     '2.0.5',
120 silly addNameRange     '2.0.6',
120 silly addNameRange     '2.0.7',
120 silly addNameRange     '2.0.8',
120 silly addNameRange     '2.0.9',
120 silly addNameRange     '2.1.0' ] ]
121 silly addNamed nan@2.1.0
122 verbose addNamed "2.1.0" is a plain semver version for nan
123 silly cache afterAdd nan@2.1.0
124 verbose afterAdd /Users/theosyslack/.npm/nan/2.1.0/package/package.json not in flight; writing
125 verbose afterAdd /Users/theosyslack/.npm/nan/2.1.0/package/package.json written
126 silly install resolved [ { name: 'nan',
126 silly install resolved     version: '2.1.0',
126 silly install resolved     description: 'Native Abstractions for Node.js: C++ header for Node 0.8 -> 4 compatibility',
126 silly install resolved     main: 'include_dirs.js',
126 silly install resolved     repository: { type: 'git', url: 'git://github.com/nodejs/nan.git' },
126 silly install resolved     scripts:
126 silly install resolved      { test: 'tap --gc test/js/*-test.js',
126 silly install resolved        'rebuild-tests': 'node-gyp rebuild --msvs_version=2013 --directory test',
126 silly install resolved        docs: 'doc/.build.sh' },
126 silly install resolved     contributors:
126 silly install resolved      [ [Object],
126 silly install resolved        [Object],
126 silly install resolved        [Object],
126 silly install resolved        [Object],
126 silly install resolved        [Object],
126 silly install resolved        [Object],
126 silly install resolved        [Object] ],
126 silly install resolved     devDependencies:
126 silly install resolved      { bindings: '~1.2.1',
126 silly install resolved        commander: '^2.8.1',
126 silly install resolved        glob: '^5.0.14',
126 silly install resolved        'node-gyp': '~3.0.1',
126 silly install resolved        tap: '~0.7.1',
126 silly install resolved        xtend: '~4.0.0' },
126 silly install resolved     license: 'MIT',
126 silly install resolved     bugs: { url: 'https://github.com/nodejs/nan/issues' },
126 silly install resolved     homepage: 'https://github.com/nodejs/nan#readme',
126 silly install resolved     _id: 'nan@2.1.0',
126 silly install resolved     _shasum: '020a7ccedc63fdee85f85967d5607849e74abbe8',
126 silly install resolved     _resolved: 'https://registry.npmjs.org/nan/-/nan-2.1.0.tgz',
126 silly install resolved     _from: 'nan@>=2.0.9 <3.0.0',
126 silly install resolved     _npmVersion: '3.3.5',
126 silly install resolved     _nodeVersion: '4.1.2',
126 silly install resolved     _npmUser: { name: 'kkoopa', email: 'bbyholm@abo.fi' },
126 silly install resolved     dist:
126 silly install resolved      { shasum: '020a7ccedc63fdee85f85967d5607849e74abbe8',
126 silly install resolved        tarball: 'http://registry.npmjs.org/nan/-/nan-2.1.0.tgz' },
126 silly install resolved     maintainers: [ [Object], [Object] ],
126 silly install resolved     directories: {},
126 silly install resolved     readme: 'ERROR: No README data found!' } ]
127 info install nan@2.1.0 into /Users/theosyslack/Sites/ebook/kindlegen/node_modules/canvas
128 info installOne nan@2.1.0
129 verbose installOne of nan to /Users/theosyslack/Sites/ebook/kindlegen/node_modules/canvas not in flight; installing
130 verbose lock using /Users/theosyslack/.npm/_locks/nan-908c44c43db524f9.lock for /Users/theosyslack/Sites/ebook/kindlegen/node_modules/canvas/node_modules/nan
131 silly install write writing nan 2.1.0 to /Users/theosyslack/Sites/ebook/kindlegen/node_modules/canvas/node_modules/nan
132 verbose unbuild node_modules/canvas/node_modules/nan
133 silly gentlyRm /Users/theosyslack/Sites/ebook/kindlegen/node_modules/canvas/node_modules/nan is being purged from base /Users/theosyslack/Sites/ebook/kindlegen
134 verbose gentlyRm don't care about contents; nuking /Users/theosyslack/Sites/ebook/kindlegen/node_modules/canvas/node_modules/nan
135 verbose tar unpack /Users/theosyslack/.npm/nan/2.1.0/package.tgz
136 verbose tar unpacking to /Users/theosyslack/Sites/ebook/kindlegen/node_modules/canvas/node_modules/nan
137 silly gentlyRm /Users/theosyslack/Sites/ebook/kindlegen/node_modules/canvas/node_modules/nan is being purged
138 verbose gentlyRm don't care about contents; nuking /Users/theosyslack/Sites/ebook/kindlegen/node_modules/canvas/node_modules/nan
139 silly gunzTarPerm modes [ '755', '644' ]
140 silly gunzTarPerm extractEntry package.json
141 silly gunzTarPerm modified mode [ 'package.json', 436, 420 ]
142 silly gunzTarPerm extractEntry README.md
143 silly gunzTarPerm modified mode [ 'README.md', 436, 420 ]
144 silly gunzTarPerm extractEntry include_dirs.js
145 silly gunzTarPerm modified mode [ 'include_dirs.js', 436, 420 ]
146 silly gunzTarPerm extractEntry nan_converters.h
147 silly gunzTarPerm modified mode [ 'nan_converters.h', 436, 420 ]
148 silly gunzTarPerm extractEntry LICENSE.md
149 silly gunzTarPerm modified mode [ 'LICENSE.md', 436, 420 ]
150 silly gunzTarPerm extractEntry .dntrc
151 silly gunzTarPerm modified mode [ '.dntrc', 436, 420 ]
152 silly gunzTarPerm extractEntry appveyor.yml
153 silly gunzTarPerm modified mode [ 'appveyor.yml', 436, 420 ]
154 silly gunzTarPerm extractEntry doc/new.md
155 silly gunzTarPerm modified mode [ 'doc/new.md', 436, 420 ]
156 silly gunzTarPerm extractEntry doc/.build.sh
157 silly gunzTarPerm modified mode [ 'doc/.build.sh', 509, 493 ]
158 silly gunzTarPerm extractEntry doc/buffers.md
159 silly gunzTarPerm modified mode [ 'doc/buffers.md', 436, 420 ]
160 silly gunzTarPerm extractEntry doc/callback.md
161 silly gunzTarPerm modified mode [ 'doc/callback.md', 436, 420 ]
162 silly gunzTarPerm extractEntry doc/converters.md
163 silly gunzTarPerm modified mode [ 'doc/converters.md', 436, 420 ]
164 silly gunzTarPerm extractEntry doc/errors.md
165 silly gunzTarPerm modified mode [ 'doc/errors.md', 436, 420 ]
166 silly gunzTarPerm extractEntry doc/maybe_types.md
167 silly gunzTarPerm modified mode [ 'doc/maybe_types.md', 436, 420 ]
168 silly gunzTarPerm extractEntry doc/methods.md
169 silly gunzTarPerm modified mode [ 'doc/methods.md', 436, 420 ]
170 silly gunzTarPerm extractEntry doc/asyncworker.md
171 silly gunzTarPerm modified mode [ 'doc/asyncworker.md', 436, 420 ]
172 silly gunzTarPerm extractEntry doc/node_misc.md
173 silly gunzTarPerm modified mode [ 'doc/node_misc.md', 436, 420 ]
174 silly gunzTarPerm extractEntry doc/persistent.md
175 silly gunzTarPerm modified mode [ 'doc/persistent.md', 436, 420 ]
176 silly gunzTarPerm extractEntry doc/scopes.md
177 silly gunzTarPerm modified mode [ 'doc/scopes.md', 436, 420 ]
178 silly gunzTarPerm extractEntry doc/script.md
179 silly gunzTarPerm modified mode [ 'doc/script.md', 436, 420 ]
180 silly gunzTarPerm extractEntry doc/string_bytes.md
181 silly gunzTarPerm modified mode [ 'doc/string_bytes.md', 436, 420 ]
182 silly gunzTarPerm extractEntry doc/v8_internals.md
183 silly gunzTarPerm modified mode [ 'doc/v8_internals.md', 436, 420 ]
184 silly gunzTarPerm extractEntry doc/v8_misc.md
185 silly gunzTarPerm modified mode [ 'doc/v8_misc.md', 436, 420 ]
186 silly gunzTarPerm extractEntry nan.h
187 silly gunzTarPerm modified mode [ 'nan.h', 436, 420 ]
188 silly gunzTarPerm extractEntry nan_callbacks.h
189 silly gunzTarPerm modified mode [ 'nan_callbacks.h', 436, 420 ]
190 silly gunzTarPerm extractEntry nan_callbacks_12_inl.h
191 silly gunzTarPerm modified mode [ 'nan_callbacks_12_inl.h', 436, 420 ]
192 silly gunzTarPerm extractEntry nan_callbacks_pre_12_inl.h
193 silly gunzTarPerm modified mode [ 'nan_callbacks_pre_12_inl.h', 436, 420 ]
194 silly gunzTarPerm extractEntry nan_converters_43_inl.h
195 silly gunzTarPerm modified mode [ 'nan_converters_43_inl.h', 436, 420 ]
196 silly gunzTarPerm extractEntry nan_converters_pre_43_inl.h
197 silly gunzTarPerm modified mode [ 'nan_converters_pre_43_inl.h', 436, 420 ]
198 silly gunzTarPerm extractEntry nan_implementation_12_inl.h
199 silly gunzTarPerm modified mode [ 'nan_implementation_12_inl.h', 436, 420 ]
200 silly gunzTarPerm extractEntry nan_implementation_pre_12_inl.h
201 silly gunzTarPerm modified mode [ 'nan_implementation_pre_12_inl.h', 436, 420 ]
202 silly gunzTarPerm extractEntry nan_maybe_43_inl.h
203 silly gunzTarPerm modified mode [ 'nan_maybe_43_inl.h', 436, 420 ]
204 silly gunzTarPerm extractEntry nan_maybe_pre_43_inl.h
205 silly gunzTarPerm modified mode [ 'nan_maybe_pre_43_inl.h', 436, 420 ]
206 silly gunzTarPerm extractEntry nan_new.h
207 silly gunzTarPerm modified mode [ 'nan_new.h', 436, 420 ]
208 silly gunzTarPerm extractEntry nan_object_wrap.h
209 silly gunzTarPerm modified mode [ 'nan_object_wrap.h', 436, 420 ]
210 silly gunzTarPerm extractEntry nan_persistent_12_inl.h
211 silly gunzTarPerm modified mode [ 'nan_persistent_12_inl.h', 436, 420 ]
212 silly gunzTarPerm extractEntry nan_persistent_pre_12_inl.h
213 silly gunzTarPerm modified mode [ 'nan_persistent_pre_12_inl.h', 436, 420 ]
214 silly gunzTarPerm extractEntry nan_string_bytes.h
215 silly gunzTarPerm modified mode [ 'nan_string_bytes.h', 436, 420 ]
216 silly gunzTarPerm extractEntry nan_typedarray_contents.h
217 silly gunzTarPerm modified mode [ 'nan_typedarray_contents.h', 436, 420 ]
218 silly gunzTarPerm extractEntry nan_weak.h
219 silly gunzTarPerm modified mode [ 'nan_weak.h', 436, 420 ]
220 silly gunzTarPerm extractEntry CHANGELOG.md
221 silly gunzTarPerm modified mode [ 'CHANGELOG.md', 436, 420 ]
222 silly gunzTarPerm extractEntry tools/package.json
223 silly gunzTarPerm modified mode [ 'tools/package.json', 436, 420 ]
224 silly gunzTarPerm extractEntry tools/README.md
225 silly gunzTarPerm modified mode [ 'tools/README.md', 436, 420 ]
226 silly gunzTarPerm extractEntry tools/1to2.js
227 silly gunzTarPerm modified mode [ 'tools/1to2.js', 509, 493 ]
228 verbose write writing to /Users/theosyslack/Sites/ebook/kindlegen/node_modules/canvas/node_modules/nan/package.json
229 info preinstall nan@2.1.0
230 verbose readDependencies loading dependencies from /Users/theosyslack/Sites/ebook/kindlegen/node_modules/canvas/node_modules/nan/package.json
231 verbose readDependencies loading dependencies from /Users/theosyslack/Sites/ebook/kindlegen/node_modules/canvas/node_modules/nan/package.json
232 silly install resolved []
233 verbose about to build /Users/theosyslack/Sites/ebook/kindlegen/node_modules/canvas/node_modules/nan
234 info build /Users/theosyslack/Sites/ebook/kindlegen/node_modules/canvas/node_modules/nan
235 info linkStuff nan@2.1.0
236 silly linkStuff nan@2.1.0 has /Users/theosyslack/Sites/ebook/kindlegen/node_modules/canvas/node_modules as its parent node_modules
237 verbose linkBins nan@2.1.0
238 verbose linkMans nan@2.1.0
239 verbose rebuildBundles nan@2.1.0
240 info install nan@2.1.0
241 info postinstall nan@2.1.0
242 verbose unlock done using /Users/theosyslack/.npm/_locks/nan-908c44c43db524f9.lock for /Users/theosyslack/Sites/ebook/kindlegen/node_modules/canvas/node_modules/nan
243 verbose about to build /Users/theosyslack/Sites/ebook/kindlegen/node_modules/canvas
244 info build /Users/theosyslack/Sites/ebook/kindlegen/node_modules/canvas
245 info linkStuff canvas@1.3.1
246 silly linkStuff canvas@1.3.1 has /Users/theosyslack/Sites/ebook/kindlegen/node_modules as its parent node_modules
247 verbose linkBins canvas@1.3.1
248 verbose linkMans canvas@1.3.1
249 verbose rebuildBundles canvas@1.3.1
250 verbose rebuildBundles [ 'nan' ]
251 info install canvas@1.3.1
252 verbose unsafe-perm in lifecycle false
253 info canvas@1.3.1 Failed to exec install script
254 verbose unlock done using /Users/theosyslack/.npm/_locks/canvas-13bcfa2f1fc201af.lock for /Users/theosyslack/Sites/ebook/kindlegen/node_modules/canvas
255 verbose stack Error: canvas@1.3.1 install: `node-gyp rebuild`
255 verbose stack Exit status 1
255 verbose stack     at EventEmitter.<anonymous> (/Users/theosyslack/.nvm/versions/node/v4.1.2/lib/node_modules/npm/lib/utils/lifecycle.js:214:16)
255 verbose stack     at emitTwo (events.js:87:13)
255 verbose stack     at EventEmitter.emit (events.js:172:7)
255 verbose stack     at ChildProcess.<anonymous> (/Users/theosyslack/.nvm/versions/node/v4.1.2/lib/node_modules/npm/lib/utils/spawn.js:24:14)
255 verbose stack     at emitTwo (events.js:87:13)
255 verbose stack     at ChildProcess.emit (events.js:172:7)
255 verbose stack     at maybeClose (internal/child_process.js:818:16)
255 verbose stack     at Process.ChildProcess._handle.onexit (internal/child_process.js:211:5)
256 verbose pkgid canvas@1.3.1
257 verbose cwd /Users/theosyslack/Sites/ebook/kindlegen
258 error Darwin 15.0.0
259 error argv "/Users/theosyslack/.nvm/versions/node/v4.1.2/bin/node" "/Users/theosyslack/.nvm/versions/node/v4.1.2/bin/npm" "i" "canvas"
260 error node v4.1.2
261 error npm  v2.14.4
262 error code ELIFECYCLE
263 error canvas@1.3.1 install: `node-gyp rebuild`
263 error Exit status 1
264 error Failed at the canvas@1.3.1 install script 'node-gyp rebuild'.
264 error This is most likely a problem with the canvas package,
264 error not with npm itself.
264 error Tell the author that this fails on your system:
264 error     node-gyp rebuild
264 error You can get their info via:
264 error     npm owner ls canvas
264 error There is likely additional logging output above.
265 verbose exit [ 1, true ]
266 verbose unbuild node_modules/canvas
267 info preuninstall canvas@1.3.1
268 info uninstall canvas@1.3.1
269 verbose unbuild rmStuff canvas@1.3.1 from /Users/theosyslack/Sites/ebook/kindlegen/node_modules
270 info postuninstall canvas@1.3.1
271 silly gentlyRm /Users/theosyslack/Sites/ebook/kindlegen/node_modules/canvas is being purged from base /Users/theosyslack/Sites/ebook/kindlegen
272 verbose gentlyRm don't care about contents; nuking /Users/theosyslack/Sites/ebook/kindlegen/node_modules/canvas
273 silly vacuum-fs purging /Users/theosyslack/Sites/ebook/kindlegen/node_modules/canvas
274 silly vacuum-fs quitting because other entries in /Users/theosyslack/Sites/ebook/kindlegen/node_modules
